<?xml version="1.0" encoding="UTF-8"?>
<!-- Generated by org.testng.reporters.JUnitReportReporter -->
<testsuite hostname="DESKTOP-A4HG3Q2" failures="0" tests="4" name="runner.TestRunnerTestNG" time="48.099" errors="0" timestamp="2023-09-20T10:46:34 IST" skipped="0">
  <testcase classname="runner.TestRunnerTestNG" name="runScenario" time="5.974"/>
  <testcase classname="runner.TestRunnerTestNG" name="runScenario" time="10.956"/>
  <testcase classname="runner.TestRunnerTestNG" name="runScenario" time="16.553"/>
  <testcase classname="runner.TestRunnerTestNG" name="runScenario" time="14.616"/>
</testsuite> <!-- runner.TestRunnerTestNG -->
