<?xml version="1.0" encoding="UTF-8"?>
<!-- Generated by org.testng.reporters.JUnitReportReporter -->
<testsuite hostname="Sakthi" failures="0" tests="5" name="runner.TestRunnerTestNG" time="72.931" errors="0" timestamp="2024-05-28T16:05:53 IST" skipped="0">
  <testcase classname="runner.TestRunnerTestNG" name="runScenario" time="16.896"/>
  <testcase classname="runner.TestRunnerTestNG" name="runScenario" time="12.492"/>
  <testcase classname="runner.TestRunnerTestNG" name="runScenario" time="25.415"/>
  <testcase classname="runner.TestRunnerTestNG" name="runScenario" time="7.520"/>
  <testcase classname="runner.TestRunnerTestNG" name="runScenario" time="10.608"/>
</testsuite> <!-- runner.TestRunnerTestNG -->
